\BOOKMARK [0][-]{chapter.1}{\376\377\0001\000\040\000C\000l\000a\000s\000s\000\040\000I\000n\000d\000e\000x}{}% 1
\BOOKMARK [1][-]{section.1.1}{\376\377\0001\000.\0001\000\040\000C\000l\000a\000s\000s\000\040\000L\000i\000s\000t}{chapter.1}% 2
\BOOKMARK [0][-]{chapter.2}{\376\377\0002\000\040\000F\000i\000l\000e\000\040\000I\000n\000d\000e\000x}{}% 3
\BOOKMARK [1][-]{section.2.1}{\376\377\0002\000.\0001\000\040\000F\000i\000l\000e\000\040\000L\000i\000s\000t}{chapter.2}% 4
\BOOKMARK [0][-]{chapter.3}{\376\377\0003\000\040\000C\000l\000a\000s\000s\000\040\000D\000o\000c\000u\000m\000e\000n\000t\000a\000t\000i\000o\000n}{}% 5
\BOOKMARK [1][-]{section.3.1}{\376\377\0003\000.\0001\000\040\000A\000p\000p\000l\000i\000c\000a\000t\000i\000o\000n\000\040\000C\000l\000a\000s\000s\000\040\000R\000e\000f\000e\000r\000e\000n\000c\000e}{chapter.3}% 6
\BOOKMARK [2][-]{subsection.3.1.1}{\376\377\0003\000.\0001\000.\0001\000\040\000D\000e\000t\000a\000i\000l\000e\000d\000\040\000D\000e\000s\000c\000r\000i\000p\000t\000i\000o\000n}{section.3.1}% 7
\BOOKMARK [2][-]{subsection.3.1.2}{\376\377\0003\000.\0001\000.\0002\000\040\000C\000o\000n\000s\000t\000r\000u\000c\000t\000o\000r\000\040\000\046\000\040\000D\000e\000s\000t\000r\000u\000c\000t\000o\000r\000\040\000D\000o\000c\000u\000m\000e\000n\000t\000a\000t\000i\000o\000n}{section.3.1}% 8
\BOOKMARK [3][-]{subsubsection.3.1.2.1}{\376\377\0003\000.\0001\000.\0002\000.\0001\000\040\000A\000p\000p\000l\000i\000c\000a\000t\000i\000o\000n\000\050\000\051}{subsection.3.1.2}% 9
\BOOKMARK [3][-]{subsubsection.3.1.2.2}{\376\377\0003\000.\0001\000.\0002\000.\0002\000\040\000~\000A\000p\000p\000l\000i\000c\000a\000t\000i\000o\000n\000\050\000\051}{subsection.3.1.2}% 10
\BOOKMARK [2][-]{subsection.3.1.3}{\376\377\0003\000.\0001\000.\0003\000\040\000M\000e\000m\000b\000e\000r\000\040\000F\000u\000n\000c\000t\000i\000o\000n\000\040\000D\000o\000c\000u\000m\000e\000n\000t\000a\000t\000i\000o\000n}{section.3.1}% 11
\BOOKMARK [3][-]{subsubsection.3.1.3.1}{\376\377\0003\000.\0001\000.\0003\000.\0001\000\040\000i\000n\000i\000t\000i\000a\000l\000i\000z\000e\000V\000a\000r\000i\000a\000b\000l\000e\000s\000\050\000\051}{subsection.3.1.3}% 12
\BOOKMARK [3][-]{subsubsection.3.1.3.2}{\376\377\0003\000.\0001\000.\0003\000.\0002\000\040\000i\000n\000i\000t\000i\000a\000l\000i\000z\000e\000W\000i\000n\000d\000o\000w\000\050\000\051}{subsection.3.1.3}% 13
\BOOKMARK [3][-]{subsubsection.3.1.3.3}{\376\377\0003\000.\0001\000.\0003\000.\0003\000\040\000p\000o\000l\000l\000E\000v\000e\000n\000t\000s\000\050\000\051}{subsection.3.1.3}% 14
\BOOKMARK [3][-]{subsubsection.3.1.3.4}{\376\377\0003\000.\0001\000.\0003\000.\0004\000\040\000r\000e\000n\000d\000e\000r\000\050\000\051}{subsection.3.1.3}% 15
\BOOKMARK [3][-]{subsubsection.3.1.3.5}{\376\377\0003\000.\0001\000.\0003\000.\0005\000\040\000u\000p\000d\000a\000t\000e\000\050\000\051}{subsection.3.1.3}% 16
\BOOKMARK [3][-]{subsubsection.3.1.3.6}{\376\377\0003\000.\0001\000.\0003\000.\0006\000\040\000w\000i\000n\000d\000o\000w\000I\000s\000O\000p\000e\000n\000\050\000\051}{subsection.3.1.3}% 17
\BOOKMARK [2][-]{subsection.3.1.4}{\376\377\0003\000.\0001\000.\0004\000\040\000M\000e\000m\000b\000e\000r\000\040\000D\000a\000t\000a\000\040\000D\000o\000c\000u\000m\000e\000n\000t\000a\000t\000i\000o\000n}{section.3.1}% 18
\BOOKMARK [3][-]{subsubsection.3.1.4.1}{\376\377\0003\000.\0001\000.\0004\000.\0001\000\040\000e\000v\000e\000n\000t}{subsection.3.1.4}% 19
\BOOKMARK [3][-]{subsubsection.3.1.4.2}{\376\377\0003\000.\0001\000.\0004\000.\0002\000\040\000g\000r\000a\000p\000h}{subsection.3.1.4}% 20
\BOOKMARK [3][-]{subsubsection.3.1.4.3}{\376\377\0003\000.\0001\000.\0004\000.\0003\000\040\000g\000u\000i}{subsection.3.1.4}% 21
\BOOKMARK [3][-]{subsubsection.3.1.4.4}{\376\377\0003\000.\0001\000.\0004\000.\0004\000\040\000v\000i\000d\000e\000o\000M\000o\000d\000e}{subsection.3.1.4}% 22
\BOOKMARK [3][-]{subsubsection.3.1.4.5}{\376\377\0003\000.\0001\000.\0004\000.\0005\000\040\000w\000i\000n\000d\000o\000w}{subsection.3.1.4}% 23
\BOOKMARK [1][-]{section.3.2}{\376\377\0003\000.\0002\000\040\000G\000r\000a\000p\000h\000\040\000C\000l\000a\000s\000s\000\040\000R\000e\000f\000e\000r\000e\000n\000c\000e}{chapter.3}% 24
\BOOKMARK [2][-]{subsection.3.2.1}{\376\377\0003\000.\0002\000.\0001\000\040\000D\000e\000t\000a\000i\000l\000e\000d\000\040\000D\000e\000s\000c\000r\000i\000p\000t\000i\000o\000n}{section.3.2}% 25
\BOOKMARK [2][-]{subsection.3.2.2}{\376\377\0003\000.\0002\000.\0002\000\040\000C\000o\000n\000s\000t\000r\000u\000c\000t\000o\000r\000\040\000\046\000\040\000D\000e\000s\000t\000r\000u\000c\000t\000o\000r\000\040\000D\000o\000c\000u\000m\000e\000n\000t\000a\000t\000i\000o\000n}{section.3.2}% 26
\BOOKMARK [3][-]{subsubsection.3.2.2.1}{\376\377\0003\000.\0002\000.\0002\000.\0001\000\040\000G\000r\000a\000p\000h\000\050\000\051}{subsection.3.2.2}% 27
\BOOKMARK [2][-]{subsection.3.2.3}{\376\377\0003\000.\0002\000.\0003\000\040\000M\000e\000m\000b\000e\000r\000\040\000F\000u\000n\000c\000t\000i\000o\000n\000\040\000D\000o\000c\000u\000m\000e\000n\000t\000a\000t\000i\000o\000n}{section.3.2}% 28
\BOOKMARK [3][-]{subsubsection.3.2.3.1}{\376\377\0003\000.\0002\000.\0003\000.\0001\000\040\000d\000e\000c\000X\000R\000a\000n\000g\000e\000\050\000\051}{subsection.3.2.3}% 29
\BOOKMARK [3][-]{subsubsection.3.2.3.2}{\376\377\0003\000.\0002\000.\0003\000.\0002\000\040\000d\000e\000c\000Y\000R\000a\000n\000g\000e\000\050\000\051}{subsection.3.2.3}% 30
\BOOKMARK [3][-]{subsubsection.3.2.3.3}{\376\377\0003\000.\0002\000.\0003\000.\0003\000\040\000d\000r\000a\000w\000T\000o\000W\000i\000n\000d\000o\000w\000\050\000\051}{subsection.3.2.3}% 31
\BOOKMARK [3][-]{subsubsection.3.2.3.4}{\376\377\0003\000.\0002\000.\0003\000.\0004\000\040\000f\000u\000n\000c\000t\000i\000o\000n\000V\000e\000r\000t\000i\000c\000e\000s\000\050\000\051}{subsection.3.2.3}% 32
\BOOKMARK [3][-]{subsubsection.3.2.3.5}{\376\377\0003\000.\0002\000.\0003\000.\0005\000\040\000g\000r\000a\000p\000h\000T\000o\000S\000c\000r\000e\000e\000n\000\050\000\051}{subsection.3.2.3}% 33
\BOOKMARK [3][-]{subsubsection.3.2.3.6}{\376\377\0003\000.\0002\000.\0003\000.\0006\000\040\000g\000r\000i\000d\000T\000o\000S\000c\000r\000e\000e\000n\000\050\000\051}{subsection.3.2.3}% 34
\BOOKMARK [3][-]{subsubsection.3.2.3.7}{\376\377\0003\000.\0002\000.\0003\000.\0007\000\040\000i\000n\000c\000X\000R\000a\000n\000g\000e\000\050\000\051}{subsection.3.2.3}% 35
\BOOKMARK [3][-]{subsubsection.3.2.3.8}{\376\377\0003\000.\0002\000.\0003\000.\0008\000\040\000i\000n\000c\000Y\000R\000a\000n\000g\000e\000\050\000\051}{subsection.3.2.3}% 36
\BOOKMARK [3][-]{subsubsection.3.2.3.9}{\376\377\0003\000.\0002\000.\0003\000.\0009\000\040\000s\000c\000r\000e\000e\000n\000T\000o\000G\000r\000a\000p\000h\000\050\000\051}{subsection.3.2.3}% 37
\BOOKMARK [3][-]{subsubsection.3.2.3.10}{\376\377\0003\000.\0002\000.\0003\000.\0001\0000\000\040\000s\000e\000t\000G\000r\000a\000p\000h\000M\000o\000d\000e\000\050\000\051}{subsection.3.2.3}% 38
\BOOKMARK [3][-]{subsubsection.3.2.3.11}{\376\377\0003\000.\0002\000.\0003\000.\0001\0001\000\040\000u\000p\000d\000a\000t\000e\000G\000r\000a\000p\000h\000\050\000\051}{subsection.3.2.3}% 39
\BOOKMARK [2][-]{subsection.3.2.4}{\376\377\0003\000.\0002\000.\0004\000\040\000M\000e\000m\000b\000e\000r\000\040\000D\000a\000t\000a\000\040\000D\000o\000c\000u\000m\000e\000n\000t\000a\000t\000i\000o\000n}{section.3.2}% 40
\BOOKMARK [3][-]{subsubsection.3.2.4.1}{\376\377\0003\000.\0002\000.\0004\000.\0001\000\040\000b\000a\000c\000k\000g\000r\000o\000u\000n\000d}{subsection.3.2.4}% 41
\BOOKMARK [3][-]{subsubsection.3.2.4.2}{\376\377\0003\000.\0002\000.\0004\000.\0002\000\040\000f\000o\000n\000t}{subsection.3.2.4}% 42
\BOOKMARK [3][-]{subsubsection.3.2.4.3}{\376\377\0003\000.\0002\000.\0004\000.\0003\000\040\000g\000r\000a\000p\000h\000M\000o\000d\000e}{subsection.3.2.4}% 43
\BOOKMARK [3][-]{subsubsection.3.2.4.4}{\376\377\0003\000.\0002\000.\0004\000.\0004\000\040\000g\000r\000i\000d\000C\000o\000l\000s}{subsection.3.2.4}% 44
\BOOKMARK [3][-]{subsubsection.3.2.4.5}{\376\377\0003\000.\0002\000.\0004\000.\0005\000\040\000g\000r\000i\000d\000R\000o\000w\000s}{subsection.3.2.4}% 45
\BOOKMARK [3][-]{subsubsection.3.2.4.6}{\376\377\0003\000.\0002\000.\0004\000.\0006\000\040\000g\000r\000i\000d\000V\000e\000c\000t\000o\000r}{subsection.3.2.4}% 46
\BOOKMARK [3][-]{subsubsection.3.2.4.7}{\376\377\0003\000.\0002\000.\0004\000.\0007\000\040\000h\000M\000a\000x}{subsection.3.2.4}% 47
\BOOKMARK [3][-]{subsubsection.3.2.4.8}{\376\377\0003\000.\0002\000.\0004\000.\0008\000\040\000h\000M\000i\000n}{subsection.3.2.4}% 48
\BOOKMARK [3][-]{subsubsection.3.2.4.9}{\376\377\0003\000.\0002\000.\0004\000.\0009\000\040\000t\000e\000x\000t}{subsection.3.2.4}% 49
\BOOKMARK [3][-]{subsubsection.3.2.4.10}{\376\377\0003\000.\0002\000.\0004\000.\0001\0000\000\040\000t\000e\000x\000t\000V\000e\000c\000t\000o\000r}{subsection.3.2.4}% 50
\BOOKMARK [3][-]{subsubsection.3.2.4.11}{\376\377\0003\000.\0002\000.\0004\000.\0001\0001\000\040\000w\000M\000a\000x}{subsection.3.2.4}% 51
\BOOKMARK [3][-]{subsubsection.3.2.4.12}{\376\377\0003\000.\0002\000.\0004\000.\0001\0002\000\040\000w\000M\000i\000n}{subsection.3.2.4}% 52
\BOOKMARK [3][-]{subsubsection.3.2.4.13}{\376\377\0003\000.\0002\000.\0004\000.\0001\0003\000\040\000x\000M\000a\000x}{subsection.3.2.4}% 53
\BOOKMARK [3][-]{subsubsection.3.2.4.14}{\376\377\0003\000.\0002\000.\0004\000.\0001\0004\000\040\000x\000M\000i\000n}{subsection.3.2.4}% 54
\BOOKMARK [3][-]{subsubsection.3.2.4.15}{\376\377\0003\000.\0002\000.\0004\000.\0001\0005\000\040\000y\000M\000a\000x}{subsection.3.2.4}% 55
\BOOKMARK [3][-]{subsubsection.3.2.4.16}{\376\377\0003\000.\0002\000.\0004\000.\0001\0006\000\040\000y\000M\000i\000n}{subsection.3.2.4}% 56
\BOOKMARK [1][-]{section.3.3}{\376\377\0003\000.\0003\000\040\000G\000u\000i\000\040\000C\000l\000a\000s\000s\000\040\000R\000e\000f\000e\000r\000e\000n\000c\000e}{chapter.3}% 57
\BOOKMARK [2][-]{subsection.3.3.1}{\376\377\0003\000.\0003\000.\0001\000\040\000D\000e\000t\000a\000i\000l\000e\000d\000\040\000D\000e\000s\000c\000r\000i\000p\000t\000i\000o\000n}{section.3.3}% 58
\BOOKMARK [2][-]{subsection.3.3.2}{\376\377\0003\000.\0003\000.\0002\000\040\000C\000o\000n\000s\000t\000r\000u\000c\000t\000o\000r\000\040\000\046\000\040\000D\000e\000s\000t\000r\000u\000c\000t\000o\000r\000\040\000D\000o\000c\000u\000m\000e\000n\000t\000a\000t\000i\000o\000n}{section.3.3}% 59
\BOOKMARK [3][-]{subsubsection.3.3.2.1}{\376\377\0003\000.\0003\000.\0002\000.\0001\000\040\000G\000u\000i\000\050\000\051}{subsection.3.3.2}% 60
\BOOKMARK [2][-]{subsection.3.3.3}{\376\377\0003\000.\0003\000.\0003\000\040\000M\000e\000m\000b\000e\000r\000\040\000F\000u\000n\000c\000t\000i\000o\000n\000\040\000D\000o\000c\000u\000m\000e\000n\000t\000a\000t\000i\000o\000n}{section.3.3}% 61
\BOOKMARK [3][-]{subsubsection.3.3.3.1}{\376\377\0003\000.\0003\000.\0003\000.\0001\000\040\000d\000r\000a\000w\000T\000o\000W\000i\000n\000d\000o\000w\000\050\000\051}{subsection.3.3.3}% 62
\BOOKMARK [3][-]{subsubsection.3.3.3.2}{\376\377\0003\000.\0003\000.\0003\000.\0002\000\040\000u\000p\000d\000a\000t\000e\000G\000u\000i\000\050\000\051}{subsection.3.3.3}% 63
\BOOKMARK [2][-]{subsection.3.3.4}{\376\377\0003\000.\0003\000.\0004\000\040\000M\000e\000m\000b\000e\000r\000\040\000D\000a\000t\000a\000\040\000D\000o\000c\000u\000m\000e\000n\000t\000a\000t\000i\000o\000n}{section.3.3}% 64
\BOOKMARK [3][-]{subsubsection.3.3.4.1}{\376\377\0003\000.\0003\000.\0004\000.\0001\000\040\000i\000b\000h\000M\000a\000x}{subsection.3.3.4}% 65
\BOOKMARK [3][-]{subsubsection.3.3.4.2}{\376\377\0003\000.\0003\000.\0004\000.\0002\000\040\000i\000b\000h\000M\000i\000n}{subsection.3.3.4}% 66
\BOOKMARK [3][-]{subsubsection.3.3.4.3}{\376\377\0003\000.\0003\000.\0004\000.\0003\000\040\000i\000b\000w\000M\000a\000x}{subsection.3.3.4}% 67
\BOOKMARK [3][-]{subsubsection.3.3.4.4}{\376\377\0003\000.\0003\000.\0004\000.\0004\000\040\000i\000b\000w\000M\000i\000n}{subsection.3.3.4}% 68
\BOOKMARK [3][-]{subsubsection.3.3.4.5}{\376\377\0003\000.\0003\000.\0004\000.\0005\000\040\000i\000n\000p\000u\000t\000B\000a\000c\000k\000g\000r\000o\000u\000n\000d}{subsection.3.3.4}% 69
\BOOKMARK [0][-]{chapter.4}{\376\377\0004\000\040\000F\000i\000l\000e\000\040\000D\000o\000c\000u\000m\000e\000n\000t\000a\000t\000i\000o\000n}{}% 70
\BOOKMARK [1][-]{section.4.1}{\376\377\0004\000.\0001\000\040\000/\000h\000o\000m\000e\000/\000j\000a\000k\000e\000m\000a\000t\000h\000/\000D\000e\000s\000k\000t\000o\000p\000/\000c\000o\000d\000e\000/\000S\000F\000M\000L\000/\000G\000r\000a\000p\000h\000i\000n\000g\000/\000G\000r\000a\000p\000h\000i\000n\000g\000A\000p\000p\000/\000s\000r\000c\000/\000a\000p\000p\000l\000i\000c\000a\000t\000i\000o\000n\000.\000c\000p\000p\000\040\000F\000i\000l\000e\000\040\000R\000e\000f\000e\000r\000e\000n\000c\000e}{chapter.4}% 71
\BOOKMARK [1][-]{section.4.2}{\376\377\0004\000.\0002\000\040\000a\000p\000p\000l\000i\000c\000a\000t\000i\000o\000n\000.\000c\000p\000p}{chapter.4}% 72
\BOOKMARK [1][-]{section.4.3}{\376\377\0004\000.\0003\000\040\000/\000h\000o\000m\000e\000/\000j\000a\000k\000e\000m\000a\000t\000h\000/\000D\000e\000s\000k\000t\000o\000p\000/\000c\000o\000d\000e\000/\000S\000F\000M\000L\000/\000G\000r\000a\000p\000h\000i\000n\000g\000/\000G\000r\000a\000p\000h\000i\000n\000g\000A\000p\000p\000/\000s\000r\000c\000/\000a\000p\000p\000l\000i\000c\000a\000t\000i\000o\000n\000.\000h\000\040\000F\000i\000l\000e\000\040\000R\000e\000f\000e\000r\000e\000n\000c\000e}{chapter.4}% 73
\BOOKMARK [1][-]{section.4.4}{\376\377\0004\000.\0004\000\040\000a\000p\000p\000l\000i\000c\000a\000t\000i\000o\000n\000.\000h}{chapter.4}% 74
\BOOKMARK [1][-]{section.4.5}{\376\377\0004\000.\0005\000\040\000/\000h\000o\000m\000e\000/\000j\000a\000k\000e\000m\000a\000t\000h\000/\000D\000e\000s\000k\000t\000o\000p\000/\000c\000o\000d\000e\000/\000S\000F\000M\000L\000/\000G\000r\000a\000p\000h\000i\000n\000g\000/\000G\000r\000a\000p\000h\000i\000n\000g\000A\000p\000p\000/\000s\000r\000c\000/\000g\000r\000a\000p\000h\000.\000c\000p\000p\000\040\000F\000i\000l\000e\000\040\000R\000e\000f\000e\000r\000e\000n\000c\000e}{chapter.4}% 75
\BOOKMARK [1][-]{section.4.6}{\376\377\0004\000.\0006\000\040\000g\000r\000a\000p\000h\000.\000c\000p\000p}{chapter.4}% 76
\BOOKMARK [1][-]{section.4.7}{\376\377\0004\000.\0007\000\040\000/\000h\000o\000m\000e\000/\000j\000a\000k\000e\000m\000a\000t\000h\000/\000D\000e\000s\000k\000t\000o\000p\000/\000c\000o\000d\000e\000/\000S\000F\000M\000L\000/\000G\000r\000a\000p\000h\000i\000n\000g\000/\000G\000r\000a\000p\000h\000i\000n\000g\000A\000p\000p\000/\000s\000r\000c\000/\000g\000r\000a\000p\000h\000.\000h\000\040\000F\000i\000l\000e\000\040\000R\000e\000f\000e\000r\000e\000n\000c\000e}{chapter.4}% 77
\BOOKMARK [1][-]{section.4.8}{\376\377\0004\000.\0008\000\040\000g\000r\000a\000p\000h\000.\000h}{chapter.4}% 78
\BOOKMARK [1][-]{section.4.9}{\376\377\0004\000.\0009\000\040\000/\000h\000o\000m\000e\000/\000j\000a\000k\000e\000m\000a\000t\000h\000/\000D\000e\000s\000k\000t\000o\000p\000/\000c\000o\000d\000e\000/\000S\000F\000M\000L\000/\000G\000r\000a\000p\000h\000i\000n\000g\000/\000G\000r\000a\000p\000h\000i\000n\000g\000A\000p\000p\000/\000s\000r\000c\000/\000g\000u\000i\000.\000c\000p\000p\000\040\000F\000i\000l\000e\000\040\000R\000e\000f\000e\000r\000e\000n\000c\000e}{chapter.4}% 79
\BOOKMARK [1][-]{section.4.10}{\376\377\0004\000.\0001\0000\000\040\000g\000u\000i\000.\000c\000p\000p}{chapter.4}% 80
\BOOKMARK [1][-]{section.4.11}{\376\377\0004\000.\0001\0001\000\040\000/\000h\000o\000m\000e\000/\000j\000a\000k\000e\000m\000a\000t\000h\000/\000D\000e\000s\000k\000t\000o\000p\000/\000c\000o\000d\000e\000/\000S\000F\000M\000L\000/\000G\000r\000a\000p\000h\000i\000n\000g\000/\000G\000r\000a\000p\000h\000i\000n\000g\000A\000p\000p\000/\000s\000r\000c\000/\000g\000u\000i\000.\000h\000\040\000F\000i\000l\000e\000\040\000R\000e\000f\000e\000r\000e\000n\000c\000e}{chapter.4}% 81
\BOOKMARK [1][-]{section.4.12}{\376\377\0004\000.\0001\0002\000\040\000g\000u\000i\000.\000h}{chapter.4}% 82
\BOOKMARK [1][-]{section.4.13}{\376\377\0004\000.\0001\0003\000\040\000/\000h\000o\000m\000e\000/\000j\000a\000k\000e\000m\000a\000t\000h\000/\000D\000e\000s\000k\000t\000o\000p\000/\000c\000o\000d\000e\000/\000S\000F\000M\000L\000/\000G\000r\000a\000p\000h\000i\000n\000g\000/\000G\000r\000a\000p\000h\000i\000n\000g\000A\000p\000p\000/\000s\000r\000c\000/\000h\000e\000a\000d\000e\000r\000.\000h\000\040\000F\000i\000l\000e\000\040\000R\000e\000f\000e\000r\000e\000n\000c\000e}{chapter.4}% 83
\BOOKMARK [2][-]{subsection.4.13.1}{\376\377\0004\000.\0001\0003\000.\0001\000\040\000V\000a\000r\000i\000a\000b\000l\000e\000\040\000D\000o\000c\000u\000m\000e\000n\000t\000a\000t\000i\000o\000n}{section.4.13}% 84
\BOOKMARK [3][-]{subsubsection.4.13.1.1}{\376\377\0004\000.\0001\0003\000.\0001\000.\0001\000\040\000D\000E\000F\000A\000U\000L\000T\000\137\000H\000\137\000M\000A\000X}{subsection.4.13.1}% 85
\BOOKMARK [3][-]{subsubsection.4.13.1.2}{\376\377\0004\000.\0001\0003\000.\0001\000.\0002\000\040\000D\000E\000F\000A\000U\000L\000T\000\137\000H\000\137\000M\000I\000N}{subsection.4.13.1}% 86
\BOOKMARK [3][-]{subsubsection.4.13.1.3}{\376\377\0004\000.\0001\0003\000.\0001\000.\0003\000\040\000D\000E\000F\000A\000U\000L\000T\000\137\000W\000\137\000M\000A\000X}{subsection.4.13.1}% 87
\BOOKMARK [3][-]{subsubsection.4.13.1.4}{\376\377\0004\000.\0001\0003\000.\0001\000.\0004\000\040\000D\000E\000F\000A\000U\000L\000T\000\137\000W\000\137\000M\000I\000N}{subsection.4.13.1}% 88
\BOOKMARK [3][-]{subsubsection.4.13.1.5}{\376\377\0004\000.\0001\0003\000.\0001\000.\0005\000\040\000D\000E\000F\000A\000U\000L\000T\000\137\000X\000\137\000M\000A\000X}{subsection.4.13.1}% 89
\BOOKMARK [3][-]{subsubsection.4.13.1.6}{\376\377\0004\000.\0001\0003\000.\0001\000.\0006\000\040\000D\000E\000F\000A\000U\000L\000T\000\137\000X\000\137\000M\000I\000N}{subsection.4.13.1}% 90
\BOOKMARK [3][-]{subsubsection.4.13.1.7}{\376\377\0004\000.\0001\0003\000.\0001\000.\0007\000\040\000D\000E\000F\000A\000U\000L\000T\000\137\000Y\000\137\000M\000A\000X}{subsection.4.13.1}% 91
\BOOKMARK [3][-]{subsubsection.4.13.1.8}{\376\377\0004\000.\0001\0003\000.\0001\000.\0008\000\040\000D\000E\000F\000A\000U\000L\000T\000\137\000Y\000\137\000M\000I\000N}{subsection.4.13.1}% 92
\BOOKMARK [3][-]{subsubsection.4.13.1.9}{\376\377\0004\000.\0001\0003\000.\0001\000.\0009\000\040\000D\000E\000F\000A\000U\000L\000T\000\137\000Z\000E\000R\000O\000\137\000T\000H\000R\000E\000S\000H}{subsection.4.13.1}% 93
\BOOKMARK [3][-]{subsubsection.4.13.1.10}{\376\377\0004\000.\0001\0003\000.\0001\000.\0001\0000\000\040\000W\000I\000N\000D\000O\000W\000\137\000H\000E\000I\000G\000H\000T}{subsection.4.13.1}% 94
\BOOKMARK [3][-]{subsubsection.4.13.1.11}{\376\377\0004\000.\0001\0003\000.\0001\000.\0001\0001\000\040\000W\000I\000N\000D\000O\000W\000\137\000W\000I\000D\000T\000H}{subsection.4.13.1}% 95
\BOOKMARK [1][-]{section.4.14}{\376\377\0004\000.\0001\0004\000\040\000h\000e\000a\000d\000e\000r\000.\000h}{chapter.4}% 96
\BOOKMARK [1][-]{section.4.15}{\376\377\0004\000.\0001\0005\000\040\000/\000h\000o\000m\000e\000/\000j\000a\000k\000e\000m\000a\000t\000h\000/\000D\000e\000s\000k\000t\000o\000p\000/\000c\000o\000d\000e\000/\000S\000F\000M\000L\000/\000G\000r\000a\000p\000h\000i\000n\000g\000/\000G\000r\000a\000p\000h\000i\000n\000g\000A\000p\000p\000/\000s\000r\000c\000/\000m\000a\000i\000n\000.\000c\000p\000p\000\040\000F\000i\000l\000e\000\040\000R\000e\000f\000e\000r\000e\000n\000c\000e}{chapter.4}% 97
\BOOKMARK [2][-]{subsection.4.15.1}{\376\377\0004\000.\0001\0005\000.\0001\000\040\000F\000u\000n\000c\000t\000i\000o\000n\000\040\000D\000o\000c\000u\000m\000e\000n\000t\000a\000t\000i\000o\000n}{section.4.15}% 98
\BOOKMARK [3][-]{subsubsection.4.15.1.1}{\376\377\0004\000.\0001\0005\000.\0001\000.\0001\000\040\000m\000a\000i\000n\000\050\000\051}{subsection.4.15.1}% 99
\BOOKMARK [1][-]{section.4.16}{\376\377\0004\000.\0001\0006\000\040\000m\000a\000i\000n\000.\000c\000p\000p}{chapter.4}% 100
\BOOKMARK [1][-]{section.4.17}{\376\377\0004\000.\0001\0007\000\040\000/\000h\000o\000m\000e\000/\000j\000a\000k\000e\000m\000a\000t\000h\000/\000D\000e\000s\000k\000t\000o\000p\000/\000c\000o\000d\000e\000/\000S\000F\000M\000L\000/\000G\000r\000a\000p\000h\000i\000n\000g\000/\000G\000r\000a\000p\000h\000i\000n\000g\000A\000p\000p\000/\000s\000r\000c\000/\000t\000e\000s\000t\000\137\000f\000u\000n\000c\000s\000.\000c\000p\000p\000\040\000F\000i\000l\000e\000\040\000R\000e\000f\000e\000r\000e\000n\000c\000e}{chapter.4}% 101
\BOOKMARK [2][-]{subsection.4.17.1}{\376\377\0004\000.\0001\0007\000.\0001\000\040\000F\000u\000n\000c\000t\000i\000o\000n\000\040\000D\000o\000c\000u\000m\000e\000n\000t\000a\000t\000i\000o\000n}{section.4.17}% 102
\BOOKMARK [3][-]{subsubsection.4.17.1.1}{\376\377\0004\000.\0001\0007\000.\0001\000.\0001\000\040\000f\000u\000n\000c\000A\000\050\000\051}{subsection.4.17.1}% 103
\BOOKMARK [3][-]{subsubsection.4.17.1.2}{\376\377\0004\000.\0001\0007\000.\0001\000.\0002\000\040\000f\000u\000n\000c\000B\000\050\000\051}{subsection.4.17.1}% 104
\BOOKMARK [3][-]{subsubsection.4.17.1.3}{\376\377\0004\000.\0001\0007\000.\0001\000.\0003\000\040\000f\000u\000n\000c\000C\000\050\000\051}{subsection.4.17.1}% 105
\BOOKMARK [3][-]{subsubsection.4.17.1.4}{\376\377\0004\000.\0001\0007\000.\0001\000.\0004\000\040\000f\000u\000n\000c\000D\000\050\000\051}{subsection.4.17.1}% 106
\BOOKMARK [3][-]{subsubsection.4.17.1.5}{\376\377\0004\000.\0001\0007\000.\0001\000.\0005\000\040\000f\000u\000n\000c\000E\000\050\000\051}{subsection.4.17.1}% 107
\BOOKMARK [3][-]{subsubsection.4.17.1.6}{\376\377\0004\000.\0001\0007\000.\0001\000.\0006\000\040\000f\000u\000n\000c\000F\000\050\000\051}{subsection.4.17.1}% 108
\BOOKMARK [3][-]{subsubsection.4.17.1.7}{\376\377\0004\000.\0001\0007\000.\0001\000.\0007\000\040\000f\000u\000n\000c\000G\000\050\000\051}{subsection.4.17.1}% 109
\BOOKMARK [1][-]{section.4.18}{\376\377\0004\000.\0001\0008\000\040\000t\000e\000s\000t\000\137\000f\000u\000n\000c\000s\000.\000c\000p\000p}{chapter.4}% 110
\BOOKMARK [1][-]{section.4.19}{\376\377\0004\000.\0001\0009\000\040\000/\000h\000o\000m\000e\000/\000j\000a\000k\000e\000m\000a\000t\000h\000/\000D\000e\000s\000k\000t\000o\000p\000/\000c\000o\000d\000e\000/\000S\000F\000M\000L\000/\000G\000r\000a\000p\000h\000i\000n\000g\000/\000G\000r\000a\000p\000h\000i\000n\000g\000A\000p\000p\000/\000s\000r\000c\000/\000t\000e\000s\000t\000\137\000f\000u\000n\000c\000s\000.\000h\000\040\000F\000i\000l\000e\000\040\000R\000e\000f\000e\000r\000e\000n\000c\000e}{chapter.4}% 111
\BOOKMARK [2][-]{subsection.4.19.1}{\376\377\0004\000.\0001\0009\000.\0001\000\040\000F\000u\000n\000c\000t\000i\000o\000n\000\040\000D\000o\000c\000u\000m\000e\000n\000t\000a\000t\000i\000o\000n}{section.4.19}% 112
\BOOKMARK [3][-]{subsubsection.4.19.1.1}{\376\377\0004\000.\0001\0009\000.\0001\000.\0001\000\040\000f\000u\000n\000c\000A\000\050\000\051}{subsection.4.19.1}% 113
\BOOKMARK [3][-]{subsubsection.4.19.1.2}{\376\377\0004\000.\0001\0009\000.\0001\000.\0002\000\040\000f\000u\000n\000c\000B\000\050\000\051}{subsection.4.19.1}% 114
\BOOKMARK [3][-]{subsubsection.4.19.1.3}{\376\377\0004\000.\0001\0009\000.\0001\000.\0003\000\040\000f\000u\000n\000c\000C\000\050\000\051}{subsection.4.19.1}% 115
\BOOKMARK [3][-]{subsubsection.4.19.1.4}{\376\377\0004\000.\0001\0009\000.\0001\000.\0004\000\040\000f\000u\000n\000c\000D\000\050\000\051}{subsection.4.19.1}% 116
\BOOKMARK [3][-]{subsubsection.4.19.1.5}{\376\377\0004\000.\0001\0009\000.\0001\000.\0005\000\040\000f\000u\000n\000c\000E\000\050\000\051}{subsection.4.19.1}% 117
\BOOKMARK [3][-]{subsubsection.4.19.1.6}{\376\377\0004\000.\0001\0009\000.\0001\000.\0006\000\040\000f\000u\000n\000c\000F\000\050\000\051}{subsection.4.19.1}% 118
\BOOKMARK [3][-]{subsubsection.4.19.1.7}{\376\377\0004\000.\0001\0009\000.\0001\000.\0007\000\040\000f\000u\000n\000c\000G\000\050\000\051}{subsection.4.19.1}% 119
\BOOKMARK [1][-]{section.4.20}{\376\377\0004\000.\0002\0000\000\040\000t\000e\000s\000t\000\137\000f\000u\000n\000c\000s\000.\000h}{chapter.4}% 120
\BOOKMARK [0][-]{section*.16}{\376\377\000I\000n\000d\000e\000x}{}% 121
